<?xml version="1.0" encoding="UTF-8"?>
<testng-results skipped="0" failed="0" total="3" passed="3">
  <reporter-output>
  </reporter-output>
  <suite name="Command line suite" duration-ms="62013" started-at="2016-04-06T13:27:52Z" finished-at="2016-04-06T13:28:54Z">
    <groups>
    </groups>
    <test name="Command line test" duration-ms="62013" started-at="2016-04-06T13:27:52Z" finished-at="2016-04-06T13:28:54Z">
      <class name="com.peterservice.autopay.controllers.RestAutoPayControllerTest">
        <test-method status="PASS" signature="springTestContextBeforeTestClass()[pri:0, instance:com.peterservice.autopay.controllers.RestAutoPayControllerTest@4671e53b]" name="springTestContextBeforeTestClass" is-config="true" duration-ms="7" started-at="2016-04-06T16:27:52Z" finished-at="2016-04-06T16:27:52Z">
          <reporter-output>
          </reporter-output>
        </test-method> <!-- springTestContextBeforeTestClass -->
        <test-method status="PASS" signature="springTestContextPrepareTestInstance()[pri:0, instance:com.peterservice.autopay.controllers.RestAutoPayControllerTest@4671e53b]" name="springTestContextPrepareTestInstance" is-config="true" duration-ms="1595" started-at="2016-04-06T16:27:52Z" depends-on-methods="org.springframework.test.context.testng.AbstractTestNGSpringContextTests.springTestContextBeforeTestClass" finished-at="2016-04-06T16:27:53Z">
          <reporter-output>
          </reporter-output>
        </test-method> <!-- springTestContextPrepareTestInstance -->
        <test-method status="PASS" signature="springTestContextBeforeTestMethod(java.lang.reflect.Method)[pri:0, instance:com.peterservice.autopay.controllers.RestAutoPayControllerTest@4671e53b]" name="springTestContextBeforeTestMethod" is-config="true" duration-ms="1" started-at="2016-04-06T16:27:53Z" finished-at="2016-04-06T16:27:53Z">
          <params>
            <param index="0">
              <value>
                <![CDATA[public void com.peterservice.autopay.controllers.RestAutoPayControllerTest.rabbitMQNotAvailable() throws java.lang.Exception]]>
              </value>
            </param>
          </params>
          <reporter-output>
          </reporter-output>
        </test-method> <!-- springTestContextBeforeTestMethod -->
        <test-method status="PASS" signature="setup()[pri:0, instance:com.peterservice.autopay.controllers.RestAutoPayControllerTest@4671e53b]" name="setup" is-config="true" duration-ms="60" started-at="2016-04-06T16:27:53Z" finished-at="2016-04-06T16:27:53Z">
          <reporter-output>
          </reporter-output>
        </test-method> <!-- setup -->
        <test-method status="PASS" signature="rabbitMQNotAvailable()[pri:0, instance:com.peterservice.autopay.controllers.RestAutoPayControllerTest@4671e53b]" name="rabbitMQNotAvailable" duration-ms="204" started-at="2016-04-06T16:27:53Z" finished-at="2016-04-06T16:27:53Z">
          <reporter-output>
          </reporter-output>
        </test-method> <!-- rabbitMQNotAvailable -->
        <test-method status="PASS" signature="springTestContextAfterTestMethod(java.lang.reflect.Method)[pri:0, instance:com.peterservice.autopay.controllers.RestAutoPayControllerTest@4671e53b]" name="springTestContextAfterTestMethod" is-config="true" duration-ms="1" started-at="2016-04-06T16:27:53Z" finished-at="2016-04-06T16:27:53Z">
          <params>
            <param index="0">
              <value>
                <![CDATA[public void com.peterservice.autopay.controllers.RestAutoPayControllerTest.rabbitMQNotAvailable() throws java.lang.Exception]]>
              </value>
            </param>
          </params>
          <reporter-output>
          </reporter-output>
        </test-method> <!-- springTestContextAfterTestMethod -->
        <test-method status="PASS" signature="springTestContextBeforeTestMethod(java.lang.reflect.Method)[pri:0, instance:com.peterservice.autopay.controllers.RestAutoPayControllerTest@4671e53b]" name="springTestContextBeforeTestMethod" is-config="true" duration-ms="0" started-at="2016-04-06T16:27:53Z" finished-at="2016-04-06T16:27:53Z">
          <params>
            <param index="0">
              <value>
                <![CDATA[public void com.peterservice.autopay.controllers.RestAutoPayControllerTest.securityFailureTest() throws java.lang.Exception]]>
              </value>
            </param>
          </params>
          <reporter-output>
          </reporter-output>
        </test-method> <!-- springTestContextBeforeTestMethod -->
        <test-method status="PASS" signature="setup()[pri:0, instance:com.peterservice.autopay.controllers.RestAutoPayControllerTest@4671e53b]" name="setup" is-config="true" duration-ms="25" started-at="2016-04-06T16:27:53Z" finished-at="2016-04-06T16:27:53Z">
          <reporter-output>
          </reporter-output>
        </test-method> <!-- setup -->
        <test-method status="PASS" signature="securityFailureTest()[pri:0, instance:com.peterservice.autopay.controllers.RestAutoPayControllerTest@4671e53b]" name="securityFailureTest" duration-ms="45" started-at="2016-04-06T16:27:53Z" finished-at="2016-04-06T16:27:53Z">
          <reporter-output>
          </reporter-output>
        </test-method> <!-- securityFailureTest -->
        <test-method status="PASS" signature="springTestContextBeforeTestMethod(java.lang.reflect.Method)[pri:0, instance:com.peterservice.autopay.controllers.RestAutoPayControllerTest@4671e53b]" name="springTestContextBeforeTestMethod" is-config="true" duration-ms="1" started-at="2016-04-06T16:27:53Z" finished-at="2016-04-06T16:27:53Z">
          <params>
            <param index="0">
              <value>
                <![CDATA[public void com.peterservice.autopay.controllers.RestAutoPayControllerTest.securitySuccessTest() throws java.lang.Exception]]>
              </value>
            </param>
          </params>
          <reporter-output>
          </reporter-output>
        </test-method> <!-- springTestContextBeforeTestMethod -->
        <test-method status="PASS" signature="springTestContextAfterTestMethod(java.lang.reflect.Method)[pri:0, instance:com.peterservice.autopay.controllers.RestAutoPayControllerTest@4671e53b]" name="springTestContextAfterTestMethod" is-config="true" duration-ms="0" started-at="2016-04-06T16:27:53Z" finished-at="2016-04-06T16:27:53Z">
          <params>
            <param index="0">
              <value>
                <![CDATA[public void com.peterservice.autopay.controllers.RestAutoPayControllerTest.securityFailureTest() throws java.lang.Exception]]>
              </value>
            </param>
          </params>
          <reporter-output>
          </reporter-output>
        </test-method> <!-- springTestContextAfterTestMethod -->
        <test-method status="PASS" signature="setup()[pri:0, instance:com.peterservice.autopay.controllers.RestAutoPayControllerTest@4671e53b]" name="setup" is-config="true" duration-ms="11" started-at="2016-04-06T16:27:53Z" finished-at="2016-04-06T16:27:53Z">
          <reporter-output>
          </reporter-output>
        </test-method> <!-- setup -->
        <test-method status="PASS" signature="securitySuccessTest()[pri:0, instance:com.peterservice.autopay.controllers.RestAutoPayControllerTest@4671e53b]" name="securitySuccessTest" duration-ms="60055" started-at="2016-04-06T16:27:53Z" finished-at="2016-04-06T16:28:54Z">
          <reporter-output>
          </reporter-output>
        </test-method> <!-- securitySuccessTest -->
        <test-method status="PASS" signature="springTestContextAfterTestMethod(java.lang.reflect.Method)[pri:0, instance:com.peterservice.autopay.controllers.RestAutoPayControllerTest@4671e53b]" name="springTestContextAfterTestMethod" is-config="true" duration-ms="0" started-at="2016-04-06T16:28:54Z" finished-at="2016-04-06T16:28:54Z">
          <params>
            <param index="0">
              <value>
                <![CDATA[public void com.peterservice.autopay.controllers.RestAutoPayControllerTest.securitySuccessTest() throws java.lang.Exception]]>
              </value>
            </param>
          </params>
          <reporter-output>
          </reporter-output>
        </test-method> <!-- springTestContextAfterTestMethod -->
        <test-method status="PASS" signature="springTestContextAfterTestClass()[pri:0, instance:com.peterservice.autopay.controllers.RestAutoPayControllerTest@4671e53b]" name="springTestContextAfterTestClass" is-config="true" duration-ms="0" started-at="2016-04-06T16:28:54Z" finished-at="2016-04-06T16:28:54Z">
          <reporter-output>
          </reporter-output>
        </test-method> <!-- springTestContextAfterTestClass -->
      </class> <!-- com.peterservice.autopay.controllers.RestAutoPayControllerTest -->
    </test> <!-- Command line test -->
  </suite> <!-- Command line suite -->
</testng-results>
