<?xml version="1.0" encoding="UTF-8"?>
<testng-results skipped="0" failed="0" total="4" passed="4">
  <reporter-output>
  </reporter-output>
  <suite name="Command line suite" duration-ms="4469" started-at="2016-04-06T13:27:44Z" finished-at="2016-04-06T13:27:49Z">
    <groups>
    </groups>
    <test name="Command line test" duration-ms="4469" started-at="2016-04-06T13:27:44Z" finished-at="2016-04-06T13:27:49Z">
      <class name="com.peterservice.autopay.listener.ConsumeListenerTest">
        <test-method status="PASS" signature="springTestContextBeforeTestClass()[pri:0, instance:com.peterservice.autopay.listener.ConsumeListenerTest@64f6106c]" name="springTestContextBeforeTestClass" is-config="true" duration-ms="5" started-at="2016-04-06T16:27:44Z" finished-at="2016-04-06T16:27:44Z">
          <reporter-output>
          </reporter-output>
        </test-method> <!-- springTestContextBeforeTestClass -->
        <test-method status="PASS" signature="springTestContextPrepareTestInstance()[pri:0, instance:com.peterservice.autopay.listener.ConsumeListenerTest@64f6106c]" name="springTestContextPrepareTestInstance" is-config="true" duration-ms="3979" started-at="2016-04-06T16:27:44Z" depends-on-methods="org.springframework.test.context.testng.AbstractTestNGSpringContextTests.springTestContextBeforeTestClass" finished-at="2016-04-06T16:27:48Z">
          <reporter-output>
          </reporter-output>
        </test-method> <!-- springTestContextPrepareTestInstance -->
        <test-method status="PASS" signature="springTestContextBeforeTestMethod(java.lang.reflect.Method)[pri:0, instance:com.peterservice.autopay.listener.ConsumeListenerTest@64f6106c]" name="springTestContextBeforeTestMethod" is-config="true" duration-ms="1" started-at="2016-04-06T16:27:48Z" finished-at="2016-04-06T16:27:48Z">
          <params>
            <param index="0">
              <value>
                <![CDATA[public void com.peterservice.autopay.listener.ConsumeListenerTest.rabbitMQConnectionTest() throws java.lang.Exception]]>
              </value>
            </param>
          </params>
          <reporter-output>
          </reporter-output>
        </test-method> <!-- springTestContextBeforeTestMethod -->
        <test-method status="PASS" signature="rabbitMQConnectionTest()[pri:0, instance:com.peterservice.autopay.listener.ConsumeListenerTest@64f6106c]" name="rabbitMQConnectionTest" duration-ms="1" started-at="2016-04-06T16:27:48Z" finished-at="2016-04-06T16:27:48Z">
          <reporter-output>
          </reporter-output>
        </test-method> <!-- rabbitMQConnectionTest -->
        <test-method status="PASS" signature="springTestContextAfterTestMethod(java.lang.reflect.Method)[pri:0, instance:com.peterservice.autopay.listener.ConsumeListenerTest@64f6106c]" name="springTestContextAfterTestMethod" is-config="true" duration-ms="1" started-at="2016-04-06T16:27:48Z" finished-at="2016-04-06T16:27:48Z">
          <params>
            <param index="0">
              <value>
                <![CDATA[public void com.peterservice.autopay.listener.ConsumeListenerTest.rabbitMQConnectionTest() throws java.lang.Exception]]>
              </value>
            </param>
          </params>
          <reporter-output>
          </reporter-output>
        </test-method> <!-- springTestContextAfterTestMethod -->
        <test-method status="PASS" signature="springTestContextBeforeTestMethod(java.lang.reflect.Method)[pri:0, instance:com.peterservice.autopay.listener.ConsumeListenerTest@64f6106c]" name="springTestContextBeforeTestMethod" is-config="true" duration-ms="0" started-at="2016-04-06T16:27:48Z" finished-at="2016-04-06T16:27:48Z">
          <params>
            <param index="0">
              <value>
                <![CDATA[public void com.peterservice.autopay.listener.ConsumeListenerTest.test1() throws java.lang.Exception]]>
              </value>
            </param>
          </params>
          <reporter-output>
          </reporter-output>
        </test-method> <!-- springTestContextBeforeTestMethod -->
        <test-method status="PASS" signature="test1()[pri:0, instance:com.peterservice.autopay.listener.ConsumeListenerTest@64f6106c]" name="test1" duration-ms="142" started-at="2016-04-06T16:27:48Z" finished-at="2016-04-06T16:27:48Z">
          <reporter-output>
          </reporter-output>
        </test-method> <!-- test1 -->
        <test-method status="PASS" signature="springTestContextAfterTestMethod(java.lang.reflect.Method)[pri:0, instance:com.peterservice.autopay.listener.ConsumeListenerTest@64f6106c]" name="springTestContextAfterTestMethod" is-config="true" duration-ms="1" started-at="2016-04-06T16:27:48Z" finished-at="2016-04-06T16:27:48Z">
          <params>
            <param index="0">
              <value>
                <![CDATA[public void com.peterservice.autopay.listener.ConsumeListenerTest.test1() throws java.lang.Exception]]>
              </value>
            </param>
          </params>
          <reporter-output>
          </reporter-output>
        </test-method> <!-- springTestContextAfterTestMethod -->
        <test-method status="PASS" signature="test2()[pri:0, instance:com.peterservice.autopay.listener.ConsumeListenerTest@64f6106c]" name="test2" duration-ms="82" started-at="2016-04-06T16:27:48Z" finished-at="2016-04-06T16:27:48Z">
          <reporter-output>
          </reporter-output>
        </test-method> <!-- test2 -->
        <test-method status="PASS" signature="springTestContextBeforeTestMethod(java.lang.reflect.Method)[pri:0, instance:com.peterservice.autopay.listener.ConsumeListenerTest@64f6106c]" name="springTestContextBeforeTestMethod" is-config="true" duration-ms="0" started-at="2016-04-06T16:27:48Z" finished-at="2016-04-06T16:27:48Z">
          <params>
            <param index="0">
              <value>
                <![CDATA[public void com.peterservice.autopay.listener.ConsumeListenerTest.test2() throws java.lang.Exception]]>
              </value>
            </param>
          </params>
          <reporter-output>
          </reporter-output>
        </test-method> <!-- springTestContextBeforeTestMethod -->
        <test-method status="PASS" signature="test3()[pri:0, instance:com.peterservice.autopay.listener.ConsumeListenerTest@64f6106c]" name="test3" duration-ms="248" started-at="2016-04-06T16:27:48Z" finished-at="2016-04-06T16:27:49Z">
          <reporter-output>
          </reporter-output>
        </test-method> <!-- test3 -->
        <test-method status="PASS" signature="springTestContextAfterTestMethod(java.lang.reflect.Method)[pri:0, instance:com.peterservice.autopay.listener.ConsumeListenerTest@64f6106c]" name="springTestContextAfterTestMethod" is-config="true" duration-ms="0" started-at="2016-04-06T16:27:48Z" finished-at="2016-04-06T16:27:48Z">
          <params>
            <param index="0">
              <value>
                <![CDATA[public void com.peterservice.autopay.listener.ConsumeListenerTest.test2() throws java.lang.Exception]]>
              </value>
            </param>
          </params>
          <reporter-output>
          </reporter-output>
        </test-method> <!-- springTestContextAfterTestMethod -->
        <test-method status="PASS" signature="springTestContextBeforeTestMethod(java.lang.reflect.Method)[pri:0, instance:com.peterservice.autopay.listener.ConsumeListenerTest@64f6106c]" name="springTestContextBeforeTestMethod" is-config="true" duration-ms="0" started-at="2016-04-06T16:27:48Z" finished-at="2016-04-06T16:27:48Z">
          <params>
            <param index="0">
              <value>
                <![CDATA[public void com.peterservice.autopay.listener.ConsumeListenerTest.test3() throws java.lang.Exception]]>
              </value>
            </param>
          </params>
          <reporter-output>
          </reporter-output>
        </test-method> <!-- springTestContextBeforeTestMethod -->
        <test-method status="PASS" signature="springTestContextAfterTestMethod(java.lang.reflect.Method)[pri:0, instance:com.peterservice.autopay.listener.ConsumeListenerTest@64f6106c]" name="springTestContextAfterTestMethod" is-config="true" duration-ms="0" started-at="2016-04-06T16:27:49Z" finished-at="2016-04-06T16:27:49Z">
          <params>
            <param index="0">
              <value>
                <![CDATA[public void com.peterservice.autopay.listener.ConsumeListenerTest.test3() throws java.lang.Exception]]>
              </value>
            </param>
          </params>
          <reporter-output>
          </reporter-output>
        </test-method> <!-- springTestContextAfterTestMethod -->
        <test-method status="PASS" signature="springTestContextAfterTestClass()[pri:0, instance:com.peterservice.autopay.listener.ConsumeListenerTest@64f6106c]" name="springTestContextAfterTestClass" is-config="true" duration-ms="0" started-at="2016-04-06T16:27:49Z" finished-at="2016-04-06T16:27:49Z">
          <reporter-output>
          </reporter-output>
        </test-method> <!-- springTestContextAfterTestClass -->
      </class> <!-- com.peterservice.autopay.listener.ConsumeListenerTest -->
    </test> <!-- Command line test -->
  </suite> <!-- Command line suite -->
</testng-results>
