<?xml version="1.0" encoding="UTF-8"?>
<!-- Generated by org.testng.reporters.JUnitXMLReporter -->
<testsuite hostname="student6" name="Command line test" tests="4" failures="0" timestamp="6 Apr 2016 13:27:49 GMT" time="4.469" errors="0">
  <testcase name="rabbitMQConnectionTest" time="0.001" classname="com.peterservice.autopay.listener.ConsumeListenerTest"/>
  <testcase name="test1" time="0.142" classname="com.peterservice.autopay.listener.ConsumeListenerTest"/>
  <testcase name="test2" time="0.082" classname="com.peterservice.autopay.listener.ConsumeListenerTest"/>
  <testcase name="test3" time="0.248" classname="com.peterservice.autopay.listener.ConsumeListenerTest"/>
</testsuite> <!-- Command line test -->
