<?xml version="1.0" encoding="UTF-8"?>
<!-- Generated by org.testng.reporters.JUnitXMLReporter -->
<testsuite hostname="student6" name="Command line test" tests="3" failures="0" timestamp="6 Apr 2016 13:28:54 GMT" time="62.013" errors="0">
  <testcase name="rabbitMQNotAvailable" time="0.204" classname="com.peterservice.autopay.controllers.RestAutoPayControllerTest"/>
  <testcase name="securityFailureTest" time="0.045" classname="com.peterservice.autopay.controllers.RestAutoPayControllerTest"/>
  <testcase name="securitySuccessTest" time="60.055" classname="com.peterservice.autopay.controllers.RestAutoPayControllerTest"/>
</testsuite> <!-- Command line test -->
